
> rest-express@1.0.0 db:push
> drizzle-kit push --force

No config path provided, using default 'drizzle.config.ts'
Reading config file '/home/runner/workspace/drizzle.config.ts'
[dotenv@17.2.2] injecting env (0) from .env -- tip: âš™ï¸  enable debug logging with { debug: true }
Using 'pg' driver for database querying
[â£·] Pulling schema from database...
[2K[1G[â£¯] Pulling schema from database...
[2K[1G[â£Ÿ] Pulling schema from database...
[2K[1G[â¡¿] Pulling schema from database...
[2K[1G[â¢¿] Pulling schema from database...
[2K[1G[â£»] Pulling schema from database...
[2K[1G[â£½] Pulling schema from database...
[2K[1G[â£·] Pulling schema from database...
[2K[1G[â£¯] Pulling schema from database...
[2K[1G[â£Ÿ] Pulling schema from database...
[2K[1G[â¡¿] Pulling schema from database...
[2K[1G[â¢¿] Pulling schema from database...
[2K[1G[â£»] Pulling schema from database...
[2K[1G[â£½] Pulling schema from database...
[2K[1G[â£·] Pulling schema from database...
[2K[1G[â£¯] Pulling schema from database...
[2K[1G[â£Ÿ] Pulling schema from database...
[2K[1G[â¡¿] Pulling schema from database...
[2K[1G[â¢¿] Pulling schema from database...
[2K[1G[â£»] Pulling schema from database...
[2K[1G[â£½] Pulling schema from database...
[2K[1G[â£·] Pulling schema from database...
[2K[1G[â£¯] Pulling schema from database...
[2K[1G[â£Ÿ] Pulling schema from database...
[2K[1G[â¡¿] Pulling schema from database...
[2K[1G[â¢¿] Pulling schema from database...
[2K[1G[â£»] Pulling schema from database...
[2K[1G[â£½] Pulling schema from database...
[2K[1G[â£·] Pulling schema from database...
[2K[1G[â£¯] Pulling schema from database...
[2K[1G[â£Ÿ] Pulling schema from database...
[2K[1G[â¡¿] Pulling schema from database...
[2K[1G[â¢¿] Pulling schema from database...
[2K[1G[â£»] Pulling schema from database...
[2K[1G[â£½] Pulling schema from database...
[2K[1G[â£·] Pulling schema from database...
[2K[1G[â£¯] Pulling schema from database...
[2K[1G[â£Ÿ] Pulling schema from database...
[2K[1G[â¡¿] Pulling schema from database...
[2K[1G[â¢¿] Pulling schema from database...
[2K[1G[â£»] Pulling schema from database...
[2K[1G[â£½] Pulling schema from database...
[2K[1G[â£·] Pulling schema from database...
[2K[1G[â£¯] Pulling schema from database...
[2K[1G[â£Ÿ] Pulling schema from database...
[2K[1G[â¡¿] Pulling schema from database...
[2K[1G[â¢¿] Pulling schema from database...
[2K[1G[â£»] Pulling schema from database...
[2K[1G[â£½] Pulling schema from database...
[2K[1G[â£·] Pulling schema from database...
[2K[1G[â£¯] Pulling schema from database...
[2K[1G[â£Ÿ] Pulling schema from database...
[2K[1G[â¡¿] Pulling schema from database...
[2K[1G[â¢¿] Pulling schema from database...
[2K[1G[â£»] Pulling schema from database...
[2K[1G[â£½] Pulling schema from database...
[2K[1G[â£·] Pulling schema from database...
[2K[1G[â£¯] Pulling schema from database...
[2K[1G[â£Ÿ] Pulling schema from database...
[2K[1G[â¡¿] Pulling schema from database...
[2K[1G[â¢¿] Pulling schema from database...
[2K[1G[â£»] Pulling schema from database...
[2K[1G[â£½] Pulling schema from database...
[2K[1G[â£·] Pulling schema from database...
[2K[1G[â£¯] Pulling schema from database...
[2K[1G[â£Ÿ] Pulling schema from database...
[2K[1G[â¡¿] Pulling schema from database...
[2K[1G[â¢¿] Pulling schema from database...
[2K[1G[â£»] Pulling schema from database...
[2K[1G[â£½] Pulling schema from database...
[2K[1G[â£·] Pulling schema from database...
[2K[1G[â£¯] Pulling schema from database...
[2K[1G[â£Ÿ] Pulling schema from database...
[2K[1G[â¡¿] Pulling schema from database...
[2K[1G[â¢¿] Pulling schema from database...
[2K[1G[â£»] Pulling schema from database...
[2K[1G[â£½] Pulling schema from database...
[2K[1G[â£·] Pulling schema from database...
[2K[1G[â£¯] Pulling schema from database...
[2K[1G[â£Ÿ] Pulling schema from database...
[2K[1G[â¡¿] Pulling schema from database...
[2K[1G[â¢¿] Pulling schema from database...
[2K[1G[â£»] Pulling schema from database...
[2K[1G[â£½] Pulling schema from database...
[2K[1G[â£·] Pulling schema from database...
[2K[1G[â£¯] Pulling schema from database...
[2K[1G[â£Ÿ] Pulling schema from database...
[2K[1G[â¡¿] Pulling schema from database...
[2K[1G[â¢¿] Pulling schema from database...
[2K[1G[â£»] Pulling schema from database...
[2K[1G[â£½] Pulling schema from database...
[2K[1G[â£·] Pulling schema from database...
[2K[1G[â£¯] Pulling schema from database...
[2K[1G[â£Ÿ] Pulling schema from database...
[2K[1G[â¡¿] Pulling schema from database...
[2K[1G[â¢¿] Pulling schema from database...
[2K[1G[â£»] Pulling schema from database...
[2K[1G[â£½] Pulling schema from database...
[2K[1G[â£·] Pulling schema from database...
[2K[1G[â£¯] Pulling schema from database...
[2K[1G[â£Ÿ] Pulling schema from database...
[2K[1G[â¡¿] Pulling schema from database...
[2K[1G[â¢¿] Pulling schema from database...
[2K[1G[â£»] Pulling schema from database...
[2K[1G[â£½] Pulling schema from database...
[2K[1G[â£·] Pulling schema from database...
[2K[1G[â£¯] Pulling schema from database...
[2K[1G[â£Ÿ] Pulling schema from database...
[2K[1G[â¡¿] Pulling schema from database...
[2K[1G[â¢¿] Pulling schema from database...
[2K[1G[â£»] Pulling schema from database...
[2K[1G[â£½] Pulling schema from database...
[2K[1G[â£·] Pulling schema from database...
[2K[1G[â£¯] Pulling schema from database...
[2K[1G[â£Ÿ] Pulling schema from database...
[2K[1G[â¡¿] Pulling schema from database...
[2K[1G[â¢¿] Pulling schema from database...
[2K[1G[â£»] Pulling schema from database...
[2K[1G[â£½] Pulling schema from database...
[2K[1G[â£·] Pulling schema from database...
[2K[1G[â£¯] Pulling schema from database...
[2K[1G[â£Ÿ] Pulling schema from database...
[2K[1G[â¡¿] Pulling schema from database...
[2K[1G[â¢¿] Pulling schema from database...
[2K[1G[â£»] Pulling schema from database...
[2K[1G[â£½] Pulling schema from database...
[2K[1G[â£·] Pulling schema from database...
[2K[1G[â£¯] Pulling schema from database...
[2K[1G[â£Ÿ] Pulling schema from database...
[2K[1G[â¡¿] Pulling schema from database...
[2K[1G[â¢¿] Pulling schema from database...
[2K[1G[â£»] Pulling schema from database...
[2K[1G[â£½] Pulling schema from database...
[2K[1G[â£·] Pulling schema from database...
[2K[1G[â£¯] Pulling schema from database...
[2K[1G[â£Ÿ] Pulling schema from database...
[2K[1G[â¡¿] Pulling schema from database...
[2K[1G[â¢¿] Pulling schema from database...
[2K[1G[â£»] Pulling schema from database...
[2K[1G[â£½] Pulling schema from database...
[2K[1G[â£·] Pulling schema from database...
[2K[1G[â£¯] Pulling schema from database...
[2K[1G[â£Ÿ] Pulling schema from database...
[2K[1G[â¡¿] Pulling schema from database...
[2K[1G[â¢¿] Pulling schema from database...
[2K[1G[â£»] Pulling schema from database...
[2K[1G[â£½] Pulling schema from database...
[2K[1G[â£·] Pulling schema from database...
[2K[1G[â£¯] Pulling schema from database...
[2K[1G[â£Ÿ] Pulling schema from database...
[2K[1G[â¡¿] Pulling schema from database...
[2K[1G[â¢¿] Pulling schema from database...
[2K[1G[â£»] Pulling schema from database...
[2K[1G[â£½] Pulling schema from database...
[2K[1G[â£·] Pulling schema from database...
[2K[1G[â£¯] Pulling schema from database...
[2K[1G[â£Ÿ] Pulling schema from database...
[2K[1G[â¡¿] Pulling schema from database...
[2K[1G[â¢¿] Pulling schema from database...
[2K[1G[â£»] Pulling schema from database...
[2K[1G[â£½] Pulling schema from database...
[2K[1G[â£·] Pulling schema from database...
[2K[1G[â£¯] Pulling schema from database...
[2K[1G[â£Ÿ] Pulling schema from database...
[2K[1G[â¡¿] Pulling schema from database...
[2K[1G[â¢¿] Pulling schema from database...
[2K[1G[â£»] Pulling schema from database...
[2K[1G[â£½] Pulling schema from database...
[2K[1G[â£·] Pulling schema from database...
[2K[1G[â£¯] Pulling schema from database...
[2K[1G[â£Ÿ] Pulling schema from database...
[2K[1G[â¡¿] Pulling schema from database...
[2K[1G[â¢¿] Pulling schema from database...
[2K[1G[â£»] Pulling schema from database...
[2K[1G[â£½] Pulling schema from database...
[2K[1G[â£·] Pulling schema from database...
[2K[1G[â£¯] Pulling schema from database...
[2K[1G[â£Ÿ] Pulling schema from database...
[2K[1G[â¡¿] Pulling schema from database...
[2K[1G[â¢¿] Pulling schema from database...
[2K[1G[â£»] Pulling schema from database...
[2K[1G[â£½] Pulling schema from database...
[2K[1G[â£·] Pulling schema from database...
[2K[1G[â£¯] Pulling schema from database...
[2K[1G[â£Ÿ] Pulling schema from database...
[2K[1G[â¡¿] Pulling schema from database...
[2K[1G[â¢¿] Pulling schema from database...
[2K[1G[â£»] Pulling schema from database...
[2K[1G[â£½] Pulling schema from database...
[2K[1G[â£·] Pulling schema from database...
[2K[1G[â£¯] Pulling schema from database...
[2K[1G[â£Ÿ] Pulling schema from database...
[2K[1G[â¡¿] Pulling schema from database...
[2K[1G[â¢¿] Pulling schema from database...
[2K[1G[â£»] Pulling schema from database...
[2K[1G[â£½] Pulling schema from database...
[2K[1G[â£·] Pulling schema from database...
[2K[1G[â£¯] Pulling schema from database...
[2K[1G[â£Ÿ] Pulling schema from database...
[2K[1G[â¡¿] Pulling schema from database...
[2K[1G[â¢¿] Pulling schema from database...
[2K[1G[â£»] Pulling schema from database...
[2K[1G[â£½] Pulling schema from database...
[2K[1G[â£·] Pulling schema from database...
[2K[1G[â£¯] Pulling schema from database...
[2K[1G[â£Ÿ] Pulling schema from database...
[2K[1G[â¡¿] Pulling schema from database...
[2K[1G[â¢¿] Pulling schema from database...
[2K[1G[â£»] Pulling schema from database...
[2K[1G[â£½] Pulling schema from database...
[2K[1G[â£·] Pulling schema from database...
[2K[1G[â£¯] Pulling schema from database...
[2K[1G[â£Ÿ] Pulling schema from database...
[2K[1G[â¡¿] Pulling schema from database...
[2K[1G[â¢¿] Pulling schema from database...
[2K[1G[â£»] Pulling schema from database...
[2K[1G[â£½] Pulling schema from database...
[2K[1G[â£·] Pulling schema from database...
[2K[1G[â£¯] Pulling schema from database...
[2K[1G[â£Ÿ] Pulling schema from database...
[2K[1G[â¡¿] Pulling schema from database...
[2K[1G[â¢¿] Pulling schema from database...
[2K[1G[â£»] Pulling schema from database...
[2K[1G[â£½] Pulling schema from database...
[2K[1G[â£·] Pulling schema from database...
[2K[1G[â£¯] Pulling schema from database...
[2K[1G[â£Ÿ] Pulling schema from database...
[2K[1G[â¡¿] Pulling schema from database...
[2K[1G[â¢¿] Pulling schema from database...
[2K[1G[â£»] Pulling schema from database...
[2K[1G[â£½] Pulling schema from database...
[2K[1G[â£·] Pulling schema from database...
[2K[1G[â£¯] Pulling schema from database...
[2K[1G[â£Ÿ] Pulling schema from database...
[2K[1G[â¡¿] Pulling schema from database...
[2K[1G[â¢¿] Pulling schema from database...
[2K[1G[â£»] Pulling schema from database...
[2K[1G[â£½] Pulling schema from database...
[2K[1G[â£·] Pulling schema from database...
[2K[1G[â£¯] Pulling schema from database...
[2K[1G[â£Ÿ] Pulling schema from database...
[2K[1G[â¡¿] Pulling schema from database...
[2K[1G[â¢¿] Pulling schema from database...
[2K[1G[â£»] Pulling schema from database...
[2K[1G[â£½] Pulling schema from database...
[2K[1G[â£·] Pulling schema from database...
[2K[1G[â£¯] Pulling schema from database...
[2K[1G[â£Ÿ] Pulling schema from database...
[2K[1G[â¡¿] Pulling schema from database...
[2K[1G[â¢¿] Pulling schema from database...
[2K[1G[â£»] Pulling schema from database...
[2K[1G[â£½] Pulling schema from database...
[2K[1G[â£·] Pulling schema from database...
[2K[1G[â£¯] Pulling schema from database...
[2K[1G[â£Ÿ] Pulling schema from database...
[2K[1G[â¡¿] Pulling schema from database...
[2K[1G[â¢¿] Pulling schema from database...
[2K[1G[â£»] Pulling schema from database...
[2K[1G[â£½] Pulling schema from database...
[2K[1G[â£·] Pulling schema from database...
[2K[1G[â£¯] Pulling schema from database...
[2K[1G[â£Ÿ] Pulling schema from database...
[2K[1G[â¡¿] Pulling schema from database...
[2K[1G[â¢¿] Pulling schema from database...
[2K[1G[â£»] Pulling schema from database...
[2K[1G[â£½] Pulling schema from database...
[2K[1G[â£·] Pulling schema from database...
[2K[1G[â£¯] Pulling schema from database...
[2K[1G[â£Ÿ] Pulling schema from database...
[2K[1G[â¡¿] Pulling schema from database...
[2K[1G[â¢¿] Pulling schema from database...
[2K[1G[â£»] Pulling schema from database...
[2K[1G[â£½] Pulling schema from database...
[2K[1G[â£·] Pulling schema from database...
[2K[1G[â£¯] Pulling schema from database...
[2K[1G[â£Ÿ] Pulling schema from database...
[2K[1G[â¡¿] Pulling schema from database...
[2K[1G[â¢¿] Pulling schema from database...
[2K[1G[â£»] Pulling schema from database...
[2K[1G[â£½] Pulling schema from database...
[2K[1G[â£·] Pulling schema from database...
[2K[1G[â£¯] Pulling schema from database...
[2K[1G[â£Ÿ] Pulling schema from database...
[2K[1G[â¡¿] Pulling schema from database...
[2K[1G[â¢¿] Pulling schema from database...
[2K[1G[â£»] Pulling schema from database...
[2K[1G[â£½] Pulling schema from database...
[2K[1G[â£·] Pulling schema from database...
[2K[1G[â£¯] Pulling schema from database...
[2K[1G[â£Ÿ] Pulling schema from database...
[2K[1G[â¡¿] Pulling schema from database...
[2K[1G[â¢¿] Pulling schema from database...
[2K[1G[â£»] Pulling schema from database...
[2K[1G[â£½] Pulling schema from database...
[2K[1G[â£·] Pulling schema from database...
[2K[1G[â£¯] Pulling schema from database...
[2K[1G[â£Ÿ] Pulling schema from database...
[2K[1G[â¡¿] Pulling schema from database...
[2K[1G[â¢¿] Pulling schema from database...
[2K[1G[â£»] Pulling schema from database...
[2K[1G[â£½] Pulling schema from database...
[2K[1G[â£·] Pulling schema from database...
[2K[1G[â£¯] Pulling schema from database...
[2K[1G[â£Ÿ] Pulling schema from database...
[2K[1G[â¡¿] Pulling schema from database...
[2K[1G[â¢¿] Pulling schema from database...
[2K[1G[â£»] Pulling schema from database...
[2K[1G[â£½] Pulling schema from database...
[2K[1G[â£·] Pulling schema from database...
[2K[1G[â£¯] Pulling schema from database...
[2K[1G[â£Ÿ] Pulling schema from database...
[2K[1G[â¡¿] Pulling schema from database...
[2K[1G[â¢¿] Pulling schema from database...
[2K[1G[â£»] Pulling schema from database...
[2K[1G[â£½] Pulling schema from database...
[2K[1G[â£·] Pulling schema from database...
[2K[1G[â£¯] Pulling schema from database...
[2K[1G[â£Ÿ] Pulling schema from database...
[2K[1G[â¡¿] Pulling schema from database...
[2K[1G[â¢¿] Pulling schema from database...
[2K[1G[â£»] Pulling schema from database...
[2K[1G[â£½] Pulling schema from database...
[2K[1G[â£·] Pulling schema from database...
[2K[1G[â£¯] Pulling schema from database...
[2K[1G[â£Ÿ] Pulling schema from database...
[2K[1G[â¡¿] Pulling schema from database...
[2K[1G[â¢¿] Pulling schema from database...
[2K[1G[â£»] Pulling schema from database...
[2K[1G[â£½] Pulling schema from database...
[2K[1G[â£·] Pulling schema from database...
[2K[1G[â£¯] Pulling schema from database...
[2K[1G[â£Ÿ] Pulling schema from database...
[2K[1G[â¡¿] Pulling schema from database...
[2K[1G[â¢¿] Pulling schema from database...
[2K[1G[â£»] Pulling schema from database...
[2K[1G[â£½] Pulling schema from database...
[2K[1G[â£·] Pulling schema from database...
[2K[1G[â£¯] Pulling schema from database...
[2K[1G[â£Ÿ] Pulling schema from database...
[2K[1G[â¡¿] Pulling schema from database...
[2K[1G[â¢¿] Pulling schema from database...
[2K[1G[â£»] Pulling schema from database...
[2K[1G[â£½] Pulling schema from database...
[2K[1G[â£·] Pulling schema from database...
[2K[1G[â£¯] Pulling schema from database...
[2K[1G[â£Ÿ] Pulling schema from database...
[2K[1G[â¡¿] Pulling schema from database...
[2K[1G[â¢¿] Pulling schema from database...
[2K[1G[â£»] Pulling schema from database...
[2K[1G[â£½] Pulling schema from database...
[2K[1G[â£·] Pulling schema from database...
[2K[1G[â£¯] Pulling schema from database...
[2K[1G[â£Ÿ] Pulling schema from database...
[2K[1G[â¡¿] Pulling schema from database...
[2K[1G[â¢¿] Pulling schema from database...
[2K[1G[â£»] Pulling schema from database...
[2K[1G[â£½] Pulling schema from database...
[2K[1G[â£·] Pulling schema from database...
[2K[1G[â£¯] Pulling schema from database...
[2K[1G[â£Ÿ] Pulling schema from database...
[2K[1G[â¡¿] Pulling schema from database...
[2K[1G[â¢¿] Pulling schema from database...
[2K[1G[â£»] Pulling schema from database...
[2K[1G[â£½] Pulling schema from database...
[2K[1G[â£·] Pulling schema from database...
[2K[1G[â£¯] Pulling schema from database...
[2K[1G[â£Ÿ] Pulling schema from database...
[2K[1G[â¡¿] Pulling schema from database...
[2K[1G[â¢¿] Pulling schema from database...
[2K[1G[â£»] Pulling schema from database...
[2K[1G[â£½] Pulling schema from database...
[2K[1G[â£·] Pulling schema from database...
[2K[1G[â£¯] Pulling schema from database...
[2K[1G[â£Ÿ] Pulling schema from database...
[2K[1G[â¡¿] Pulling schema from database...
[2K[1G[â¢¿] Pulling schema from database...
[2K[1G[â£»] Pulling schema from database...
[2K[1G[â£½] Pulling schema from database...
[2K[1G[â£·] Pulling schema from database...
[2K[1G[â£¯] Pulling schema from database...
[2K[1G[â£Ÿ] Pulling schema from database...
[2K[1G[â¡¿] Pulling schema from database...
[2K[1G[â¢¿] Pulling schema from database...
[2K[1G[â£»] Pulling schema from database...
[2K[1G[â£½] Pulling schema from database...
[2K[1G[â£·] Pulling schema from database...
[2K[1G[â£¯] Pulling schema from database...
[2K[1G[â£Ÿ] Pulling schema from database...
[2K[1G[â¡¿] Pulling schema from database...
[2K[1G[â¢¿] Pulling schema from database...
[2K[1G[â£»] Pulling schema from database...
[2K[1G[â£½] Pulling schema from database...
[2K[1G[â£·] Pulling schema from database...
[2K[1G[â£¯] Pulling schema from database...
[2K[1G[â£Ÿ] Pulling schema from database...
[2K[1G[â¡¿] Pulling schema from database...
[2K[1G[â¢¿] Pulling schema from database...
[2K[1G[â£»] Pulling schema from database...
[2K[1G[â£½] Pulling schema from database...
[2K[1G[â£·] Pulling schema from database...
[2K[1G[â£¯] Pulling schema from database...
[2K[1G[â£Ÿ] Pulling schema from database...
[2K[1G[â¡¿] Pulling schema from database...
[2K[1G[â¢¿] Pulling schema from database...
[2K[1G[â£»] Pulling schema from database...
[2K[1G[â£½] Pulling schema from database...
[2K[1G[â£·] Pulling schema from database...
[2K[1G[â£¯] Pulling schema from database...
[2K[1G[â£Ÿ] Pulling schema from database...
[2K[1G[â¡¿] Pulling schema from database...
[2K[1G[â¢¿] Pulling schema from database...
[2K[1G[â£»] Pulling schema from database...
[2K[1G[â£½] Pulling schema from database...
[2K[1G[â£·] Pulling schema from database...
[2K[1G[â£¯] Pulling schema from database...
[2K[1G[â£Ÿ] Pulling schema from database...
[2K[1G[â¡¿] Pulling schema from database...
[2K[1G[â¢¿] Pulling schema from database...
[2K[1G[â£»] Pulling schema from database...
[2K[1G[â£½] Pulling schema from database...
[2K[1G[â£·] Pulling schema from database...
[2K[1G[â£¯] Pulling schema from database...
[2K[1G[â£Ÿ] Pulling schema from database...
[2K[1G[â¡¿] Pulling schema from database...
[2K[1G[â¢¿] Pulling schema from database...
[2K[1G[â£»] Pulling schema from database...
[2K[1G[â£½] Pulling schema from database...
[2K[1G[â£·] Pulling schema from database...
[2K[1G[â£¯] Pulling schema from database...
[2K[1G[â£Ÿ] Pulling schema from database...
[2K[1G[â¡¿] Pulling schema from database...
[2K[1G[â¢¿] Pulling schema from database...
[2K[1G[â£»] Pulling schema from database...
[2K[1G[â£½] Pulling schema from database...
[2K[1G[â£·] Pulling schema from database...
[2K[1G[â£¯] Pulling schema from database...
[2K[1G[â£Ÿ] Pulling schema from database...
[2K[1G[â¡¿] Pulling schema from database...
[2K[1G[â¢¿] Pulling schema from database...
[2K[1G[â£»] Pulling schema from database...
[2K[1G[â£½] Pulling schema from database...
[2K[1G[â£·] Pulling schema from database...
[2K[1G[â£¯] Pulling schema from database...
[2K[1G[â£Ÿ] Pulling schema from database...
[2K[1G[â¡¿] Pulling schema from database...
[2K[1G[â¢¿] Pulling schema from database...
[2K[1G[â£»] Pulling schema from database...
[2K[1G[â£½] Pulling schema from database...
[2K[1G[â£·] Pulling schema from database...
[2K[1G[â£¯] Pulling schema from database...
[2K[1G[â£Ÿ] Pulling schema from database...
[2K[1G[â¡¿] Pulling schema from database...
[2K[1G[â¢¿] Pulling schema from database...
[2K[1G[â£»] Pulling schema from database...
[2K[1G[â£½] Pulling schema from database...
[2K[1G[â£·] Pulling schema from database...
[2K[1G[â£¯] Pulling schema from database...
[2K[1G[â£Ÿ] Pulling schema from database...
[2K[1G[â¡¿] Pulling schema from database...
[2K[1G[â¢¿] Pulling schema from database...
[2K[1G[â£»] Pulling schema from database...
[2K[1G[â£½] Pulling schema from database...
[2K[1G[â£·] Pulling schema from database...
[2K[1G[â£¯] Pulling schema from database...
[2K[1G[â£Ÿ] Pulling schema from database...
[2K[1G[â¡¿] Pulling schema from database...
[2K[1G[â¢¿] Pulling schema from database...
[2K[1G[â£»] Pulling schema from database...
[2K[1G[â£½] Pulling schema from database...
[2K[1G[â£·] Pulling schema from database...
[2K[1G[â£¯] Pulling schema from database...
[2K[1G[â£Ÿ] Pulling schema from database...
[2K[1G[â¡¿] Pulling schema from database...
[2K[1G[â¢¿] Pulling schema from database...
[2K[1G[â£»] Pulling schema from database...
[2K[1G[â£½] Pulling schema from database...
[2K[1G[â£·] Pulling schema from database...
[2K[1G[â£¯] Pulling schema from database...
[2K[1G[â£Ÿ] Pulling schema from database...
[2K[1G[â¡¿] Pulling schema from database...
[2K[1G[â¢¿] Pulling schema from database...
[2K[1G[â£»] Pulling schema from database...
[2K[1G[â£½] Pulling schema from database...
[2K[1G[â£·] Pulling schema from database...
[2K[1G[â£¯] Pulling schema from database...
[2K[1G[â£Ÿ] Pulling schema from database...
[2K[1G[â¡¿] Pulling schema from database...
[2K[1G[â¢¿] Pulling schema from database...
[2K[1G[â£»] Pulling schema from database...
[2K[1G[â£½] Pulling schema from database...
[2K[1G[â£·] Pulling schema from database...
[2K[1G[â£¯] Pulling schema from database...
[2K[1G[â£Ÿ] Pulling schema from database...
[2K[1G[â¡¿] Pulling schema from database...
[2K[1G[â¢¿] Pulling schema from database...
[2K[1G[â£»] Pulling schema from database...
[2K[1G[â£½] Pulling schema from database...
[2K[1G[â£·] Pulling schema from database...
[2K[1G[â£¯] Pulling schema from database...
[2K[1G[â£Ÿ] Pulling schema from database...
[2K[1G[â¡¿] Pulling schema from database...
[2K[1G[â¢¿] Pulling schema from database...
[2K[1G[â£»] Pulling schema from database...
[2K[1G[â£½] Pulling schema from database...
[2K[1G[â£·] Pulling schema from database...
[2K[1G[â£¯] Pulling schema from database...
[2K[1G[â£Ÿ] Pulling schema from database...
[2K[1G[â¡¿] Pulling schema from database...
[2K[1G[â¢¿] Pulling schema from database...
[2K[1G[â£»] Pulling schema from database...
[2K[1G[â£½] Pulling schema from database...
[2K[1G[â£·] Pulling schema from database...
[2K[1G[â£¯] Pulling schema from database...
[2K[1G[â£Ÿ] Pulling schema from database...
[2K[1G[â¡¿] Pulling schema from database...
[2K[1G[â¢¿] Pulling schema from database...
[2K[1G[â£»] Pulling schema from database...
[2K[1G[â£½] Pulling schema from database...
[2K[1G[â£·] Pulling schema from database...
[2K[1G[â£¯] Pulling schema from database...
[2K[1G[â£Ÿ] Pulling schema from database...
[2K[1G[â¡¿] Pulling schema from database...
[2K[1G[â¢¿] Pulling schema from database...
[2K[1G[â£»] Pulling schema from database...
[2K[1G[â£½] Pulling schema from database...
[2K[1G[â£·] Pulling schema from database...
[2K[1G[â£¯] Pulling schema from database...
[2K[1G[â£Ÿ] Pulling schema from database...
[2K[1G[â¡¿] Pulling schema from database...
[2K[1G[â¢¿] Pulling schema from database...
[2K[1G[â£»] Pulling schema from database...
[2K[1G[â£½] Pulling schema from database...
[2K[1G[â£·] Pulling schema from database...
[2K[1G[â£¯] Pulling schema from database...
[2K[1G[â£Ÿ] Pulling schema from database...
[2K[1G[â¡¿] Pulling schema from database...
[2K[1G[â¢¿] Pulling schema from database...
[2K[1G[â£»] Pulling schema from database...
[2K[1G[â£½] Pulling schema from database...
[2K[1G[â£·] Pulling schema from database...
[2K[1G[â£¯] Pulling schema from database...
[2K[1G[â£Ÿ] Pulling schema from database...
[2K[1G[â¡¿] Pulling schema from database...
[2K[1G[â¢¿] Pulling schema from database...
[2K[1G[â£»] Pulling schema from database...
[2K[1G[â£½] Pulling schema from database...
[2K[1G[â£·] Pulling schema from database...
[2K[1G[â£¯] Pulling schema from database...
[2K[1G[â£Ÿ] Pulling schema from database...
[2K[1G[â¡¿] Pulling schema from database...
[2K[1G[â¢¿] Pulling schema from database...
[2K[1G[â£»] Pulling schema from database...
[2K[1G[â£½] Pulling schema from database...
[2K[1G[â£·] Pulling schema from database...
[2K[1G[â£¯] Pulling schema from database...
[2K[1G[â£Ÿ] Pulling schema from database...
[2K[1G[â¡¿] Pulling schema from database...
[2K[1G[â¢¿] Pulling schema from database...
[2K[1G[â£»] Pulling schema from database...
[2K[1G[â£½] Pulling schema from database...
[2K[1G[â£·] Pulling schema from database...
[2K[1G[â£¯] Pulling schema from database...
[2K[1G[â£Ÿ] Pulling schema from database...
[2K[1G[â¡¿] Pulling schema from database...
[2K[1G[â¢¿] Pulling schema from database...
[2K[1G[â£»] Pulling schema from database...
[2K[1G[â£½] Pulling schema from database...
[2K[1G[â£·] Pulling schema from database...
[2K[1G[â£¯] Pulling schema from database...
[2K[1G[â£Ÿ] Pulling schema from database...
[2K[1G[â¡¿] Pulling schema from database...
[2K[1G[â¢¿] Pulling schema from database...
[2K[1G[â£»] Pulling schema from database...
[2K[1G[â£½] Pulling schema from database...
[2K[1G[â£·] Pulling schema from database...
[2K[1G[â£¯] Pulling schema from database...
[2K[1G[â£Ÿ] Pulling schema from database...
[2K[1G[â¡¿] Pulling schema from database...
[2K[1G[â¢¿] Pulling schema from database...
[2K[1G[â£»] Pulling schema from database...
[2K[1G[â£½] Pulling schema from database...
[2K[1G[â£·] Pulling schema from database...
[2K[1G[â£¯] Pulling schema from database...
[2K[1G[â£Ÿ] Pulling schema from database...
[2K[1G[â¡¿] Pulling schema from database...
[2K[1G[â¢¿] Pulling schema from database...
[2K[1G[â£»] Pulling schema from database...
[2K[1G[â£½] Pulling schema from database...
[2K[1G[â£·] Pulling schema from database...
[2K[1G[â£¯] Pulling schema from database...
[2K[1G[â£Ÿ] Pulling schema from database...
[2K[1G[â¡¿] Pulling schema from database...
[2K[1G[â¢¿] Pulling schema from database...
[2K[1G[â£»] Pulling schema from database...
[2K[1G[â£½] Pulling schema from database...
[2K[1G[â£·] Pulling schema from database...
[2K[1G[â£¯] Pulling schema from database...
[2K[1G[â£Ÿ] Pulling schema from database...
[2K[1G[â¡¿] Pulling schema from database...
[2K[1G[â¢¿] Pulling schema from database...
[2K[1G[â£»] Pulling schema from database...
[2K[1G[â£½] Pulling schema from database...
[2K[1G[â£·] Pulling schema from database...
[2K[1G[â£¯] Pulling schema from database...
[2K[1G[â£Ÿ] Pulling schema from database...
[2K[1G[â¡¿] Pulling schema from database...
[2K[1G[â¢¿] Pulling schema from database...
[2K[1G[â£»] Pulling schema from database...
[2K[1G[â£½] Pulling schema from database...
[2K[1G[â£·] Pulling schema from database...
[2K[1G[â£¯] Pulling schema from database...
[2K[1G[â£Ÿ] Pulling schema from database...
[2K[1G[â¡¿] Pulling schema from database...
[2K[1G[â¢¿] Pulling schema from database...
[2K[1G[â£»] Pulling schema from database...
[2K[1G[â£½] Pulling schema from database...
[2K[1G[â£·] Pulling schema from database...
[2K[1G[â£¯] Pulling schema from database...
[2K[1G[â£Ÿ] Pulling schema from database...
[2K[1G[â¡¿] Pulling schema from database...
[2K[1G[â¢¿] Pulling schema from database...
[2K[1G[â£»] Pulling schema from database...
[2K[1G[â£½] Pulling schema from database...
[2K[1G[â£·] Pulling schema from database...
[2K[1G[â£¯] Pulling schema from database...
[2K[1G[â£Ÿ] Pulling schema from database...
[2K[1G[â¡¿] Pulling schema from database...
[2K[1G[â¢¿] Pulling schema from database...
[2K[1G[â£»] Pulling schema from database...
[2K[1G[â£½] Pulling schema from database...
[2K[1G[â£·] Pulling schema from database...
[2K[1G[â£¯] Pulling schema from database...
[2K[1G[â£Ÿ] Pulling schema from database...
[2K[1G[â¡¿] Pulling schema from database...
[2K[1G[â¢¿] Pulling schema from database...
[2K[1G[â£»] Pulling schema from database...
[2K[1G[â£½] Pulling schema from database...
[2K[1G[â£·] Pulling schema from database...
[2K[1G[â£¯] Pulling schema from database...
[2K[1G[â£Ÿ] Pulling schema from database...
[2K[1G[â¡¿] Pulling schema from database...
[2K[1G[â¢¿] Pulling schema from database...
[2K[1G[â£»] Pulling schema from database...
[2K[1G[â£½] Pulling schema from database...
[2K[1G[â£·] Pulling schema from database...
[2K[1G[â£¯] Pulling schema from database...
[2K[1G[â£Ÿ] Pulling schema from database...
[2K[1G[â¡¿] Pulling schema from database...
[2K[1G[â¢¿] Pulling schema from database...
[2K[1G[â£»] Pulling schema from database...
[2K[1G[â£½] Pulling schema from database...
[2K[1G[â£·] Pulling schema from database...
[2K[1G[â£¯] Pulling schema from database...
[2K[1G[â£Ÿ] Pulling schema from database...
[2K[1G[â¡¿] Pulling schema from database...
[2K[1G[â¢¿] Pulling schema from database...
[2K[1G[â£»] Pulling schema from database...
[2K[1G[â£½] Pulling schema from database...
[2K[1G[â£·] Pulling schema from database...
[2K[1G[â£¯] Pulling schema from database...
[2K[1G[â£Ÿ] Pulling schema from database...
[2K[1G[â¡¿] Pulling schema from database...
[2K[1G[â¢¿] Pulling schema from database...
[2K[1G[â£»] Pulling schema from database...
[2K[1G[â£½] Pulling schema from database...
[2K[1G[â£·] Pulling schema from database...
[2K[1G[â£¯] Pulling schema from database...
[2K[1G[â£Ÿ] Pulling schema from database...
[2K[1G[â¡¿] Pulling schema from database...
[2K[1G[â¢¿] Pulling schema from database...
[2K[1G[â£»] Pulling schema from database...
[2K[1G[â£½] Pulling schema from database...
[2K[1G[â£·] Pulling schema from database...
[2K[1G[â£¯] Pulling schema from database...
[2K[1G[â£Ÿ] Pulling schema from database...
[2K[1G[â¡¿] Pulling schema from database...
[2K[1G[â¢¿] Pulling schema from database...
[2K[1G[â£»] Pulling schema from database...
[2K[1G[â£½] Pulling schema from database...
[2K[1G[â£·] Pulling schema from database...
[2K[1G[â£¯] Pulling schema from database...
[2K[1G[â£Ÿ] Pulling schema from database...
[2K[1G[â¡¿] Pulling schema from database...
[2K[1G[â¢¿] Pulling schema from database...
[2K[1G[âœ“] Pulling schema from database...
Â· You're about to add bookings_id_salon_id_unique unique constraint to the table, which contains 3 items. If this statement fails, you will receive an error from the database. Do you want to truncate bookings table?

[?25lâ¯ No, add the constraint without truncating the table
  Yes, truncate the tablenpm notice
npm notice New major version of npm available! 10.8.2 -> 11.6.2
npm notice Changelog: https://github.com/npm/cli/releases/tag/v11.6.2
npm notice To update run: npm install -g npm@11.6.2
npm notice
